This is pdfTeX, Version 3.14159265-2.6-1.40.16 (TeX Live 2015/Debian) (preloaded format=pdflatex 2018.10.13)  13 DEC 2018 15:21
entering extended mode
 restricted \write18 enabled.
 %&-line parsing enabled.
**notes.tex
(./notes.tex
LaTeX2e <2016/02/01>
Babel <3.9q> and hyphenation patterns for 81 language(s) loaded.
(/usr/share/texlive/texmf-dist/tex/latex/base/book.cls
Document Class: book 2014/09/29 v1.4h Standard LaTeX document class
(/usr/share/texlive/texmf-dist/tex/latex/base/bk10.clo
File: bk10.clo 2014/09/29 v1.4h Standard LaTeX file (size option)
)
\c@part=\count79
\c@chapter=\count80
\c@section=\count81
\c@subsection=\count82
\c@subsubsection=\count83
\c@paragraph=\count84
\c@subparagraph=\count85
\c@figure=\count86
\c@table=\count87
\abovecaptionskip=\skip41
\belowcaptionskip=\skip42
\bibindent=\dimen102
)
(/home/mccoid/Documents/LaTeX/preamble.sty

LaTeX Warning: You have requested package `/home/mccoid/Documents/LaTeX/preambl
e',
               but the package provides `preamble'.

Package: preamble 
(/usr/share/texlive/texmf-dist/tex/latex/amsmath/amsmath.sty
Package: amsmath 2016/03/03 v2.15a AMS math features
\@mathmargin=\skip43

For additional information on amsmath, use the `?' option.
(/usr/share/texlive/texmf-dist/tex/latex/amsmath/amstext.sty
Package: amstext 2000/06/29 v2.01 AMS text

(/usr/share/texlive/texmf-dist/tex/latex/amsmath/amsgen.sty
File: amsgen.sty 1999/11/30 v2.0 generic functions
\@emptytoks=\toks14
\ex@=\dimen103
))
(/usr/share/texlive/texmf-dist/tex/latex/amsmath/amsbsy.sty
Package: amsbsy 1999/11/29 v1.2d Bold Symbols
\pmbraise@=\dimen104
)
(/usr/share/texlive/texmf-dist/tex/latex/amsmath/amsopn.sty
Package: amsopn 1999/12/14 v2.01 operator names
)
\inf@bad=\count88
LaTeX Info: Redefining \frac on input line 199.
\uproot@=\count89
\leftroot@=\count90
LaTeX Info: Redefining \overline on input line 297.
\classnum@=\count91
\DOTSCASE@=\count92
LaTeX Info: Redefining \ldots on input line 394.
LaTeX Info: Redefining \dots on input line 397.
LaTeX Info: Redefining \cdots on input line 518.
\Mathstrutbox@=\box26
\strutbox@=\box27
\big@size=\dimen105
LaTeX Font Info:    Redeclaring font encoding OML on input line 630.
LaTeX Font Info:    Redeclaring font encoding OMS on input line 631.
\macc@depth=\count93
\c@MaxMatrixCols=\count94
\dotsspace@=\muskip10
\c@parentequation=\count95
\dspbrk@lvl=\count96
\tag@help=\toks15
\row@=\count97
\column@=\count98
\maxfields@=\count99
\andhelp@=\toks16
\eqnshift@=\dimen106
\alignsep@=\dimen107
\tagshift@=\dimen108
\tagwidth@=\dimen109
\totwidth@=\dimen110
\lineht@=\dimen111
\@envbody=\toks17
\multlinegap=\skip44
\multlinetaggap=\skip45
\mathdisplay@stack=\toks18
LaTeX Info: Redefining \[ on input line 2735.
LaTeX Info: Redefining \] on input line 2736.
)
(/usr/share/texlive/texmf-dist/tex/latex/amsfonts/amssymb.sty
Package: amssymb 2013/01/14 v3.01 AMS font symbols

(/usr/share/texlive/texmf-dist/tex/latex/amsfonts/amsfonts.sty
Package: amsfonts 2013/01/14 v3.01 Basic AMSFonts support
\symAMSa=\mathgroup4
\symAMSb=\mathgroup5
LaTeX Font Info:    Overwriting math alphabet `\mathfrak' in version `bold'
(Font)                  U/euf/m/n --> U/euf/b/n on input line 106.
))
(/usr/share/texlive/texmf-dist/tex/latex/amscls/amsthm.sty
Package: amsthm 2015/03/04 v2.20.2
\thm@style=\toks19
\thm@bodyfont=\toks20
\thm@headfont=\toks21
\thm@notefont=\toks22
\thm@headpunct=\toks23
\thm@preskip=\skip46
\thm@postskip=\skip47
\thm@headsep=\skip48
\dth@everypar=\toks24
)
(/usr/share/texlive/texmf-dist/tex/latex/graphics/graphicx.sty
Package: graphicx 2014/10/28 v1.0g Enhanced LaTeX Graphics (DPC,SPQR)

(/usr/share/texlive/texmf-dist/tex/latex/graphics/keyval.sty
Package: keyval 2014/10/28 v1.15 key=value parser (DPC)
\KV@toks@=\toks25
)
(/usr/share/texlive/texmf-dist/tex/latex/graphics/graphics.sty
Package: graphics 2016/01/03 v1.0q Standard LaTeX Graphics (DPC,SPQR)

(/usr/share/texlive/texmf-dist/tex/latex/graphics/trig.sty
Package: trig 2016/01/03 v1.10 sin cos tan (DPC)
)
(/usr/share/texlive/texmf-dist/tex/latex/latexconfig/graphics.cfg
File: graphics.cfg 2010/04/23 v1.9 graphics configuration of TeX Live
)
Package graphics Info: Driver file: pdftex.def on input line 95.

(/usr/share/texlive/texmf-dist/tex/latex/pdftex-def/pdftex.def
File: pdftex.def 2011/05/27 v0.06d Graphics/color for pdfTeX

(/usr/share/texlive/texmf-dist/tex/generic/oberdiek/infwarerr.sty
Package: infwarerr 2010/04/08 v1.3 Providing info/warning/error messages (HO)
)
(/usr/share/texlive/texmf-dist/tex/generic/oberdiek/ltxcmds.sty
Package: ltxcmds 2011/11/09 v1.22 LaTeX kernel commands for general use (HO)
)
\Gread@gobject=\count100
))
\Gin@req@height=\dimen112
\Gin@req@width=\dimen113
)
(/usr/share/texlive/texmf-dist/tex/latex/hyperref/hyperref.sty
Package: hyperref 2012/11/06 v6.83m Hypertext links for LaTeX

(/usr/share/texlive/texmf-dist/tex/generic/oberdiek/hobsub-hyperref.sty
Package: hobsub-hyperref 2012/05/28 v1.13 Bundle oberdiek, subset hyperref (HO)


(/usr/share/texlive/texmf-dist/tex/generic/oberdiek/hobsub-generic.sty
Package: hobsub-generic 2012/05/28 v1.13 Bundle oberdiek, subset generic (HO)
Package: hobsub 2012/05/28 v1.13 Construct package bundles (HO)
Package hobsub Info: Skipping package `infwarerr' (already loaded).
Package hobsub Info: Skipping package `ltxcmds' (already loaded).
Package: ifluatex 2010/03/01 v1.3 Provides the ifluatex switch (HO)
Package ifluatex Info: LuaTeX not detected.
Package: ifvtex 2010/03/01 v1.5 Detect VTeX and its facilities (HO)
Package ifvtex Info: VTeX not detected.
Package: intcalc 2007/09/27 v1.1 Expandable calculations with integers (HO)
Package: ifpdf 2011/01/30 v2.3 Provides the ifpdf switch (HO)
Package ifpdf Info: pdfTeX in PDF mode is detected.
Package: etexcmds 2011/02/16 v1.5 Avoid name clashes with e-TeX commands (HO)
Package etexcmds Info: Could not find \expanded.
(etexcmds)             That can mean that you are not using pdfTeX 1.50 or
(etexcmds)             that some package has redefined \expanded.
(etexcmds)             In the latter case, load this package earlier.
Package: kvsetkeys 2012/04/25 v1.16 Key value parser (HO)
Package: kvdefinekeys 2011/04/07 v1.3 Define keys (HO)
Package: pdftexcmds 2011/11/29 v0.20 Utility functions of pdfTeX for LuaTeX (HO
)
Package pdftexcmds Info: LuaTeX not detected.
Package pdftexcmds Info: \pdf@primitive is available.
Package pdftexcmds Info: \pdf@ifprimitive is available.
Package pdftexcmds Info: \pdfdraftmode found.
Package: pdfescape 2011/11/25 v1.13 Implements pdfTeX's escape features (HO)
Package: bigintcalc 2012/04/08 v1.3 Expandable calculations on big integers (HO
)
Package: bitset 2011/01/30 v1.1 Handle bit-vector datatype (HO)
Package: uniquecounter 2011/01/30 v1.2 Provide unlimited unique counter (HO)
)
Package hobsub Info: Skipping package `hobsub' (already loaded).
Package: letltxmacro 2010/09/02 v1.4 Let assignment for LaTeX macros (HO)
Package: hopatch 2012/05/28 v1.2 Wrapper for package hooks (HO)
Package: xcolor-patch 2011/01/30 xcolor patch
Package: atveryend 2011/06/30 v1.8 Hooks at the very end of document (HO)
Package atveryend Info: \enddocument detected (standard20110627).
Package: atbegshi 2011/10/05 v1.16 At begin shipout hook (HO)
Package: refcount 2011/10/16 v3.4 Data extraction from label references (HO)
Package: hycolor 2011/01/30 v1.7 Color options for hyperref/bookmark (HO)
)
(/usr/share/texlive/texmf-dist/tex/generic/ifxetex/ifxetex.sty
Package: ifxetex 2010/09/12 v0.6 Provides ifxetex conditional
)
(/usr/share/texlive/texmf-dist/tex/latex/oberdiek/auxhook.sty
Package: auxhook 2011/03/04 v1.3 Hooks for auxiliary files (HO)
)
(/usr/share/texlive/texmf-dist/tex/latex/oberdiek/kvoptions.sty
Package: kvoptions 2011/06/30 v3.11 Key value format for package options (HO)
)
\@linkdim=\dimen114
\Hy@linkcounter=\count101
\Hy@pagecounter=\count102

(/usr/share/texlive/texmf-dist/tex/latex/hyperref/pd1enc.def
File: pd1enc.def 2012/11/06 v6.83m Hyperref: PDFDocEncoding definition (HO)
)
\Hy@SavedSpaceFactor=\count103

(/usr/share/texlive/texmf-dist/tex/latex/latexconfig/hyperref.cfg
File: hyperref.cfg 2002/06/06 v1.2 hyperref configuration of TeXLive
)
Package hyperref Info: Hyper figures OFF on input line 4443.
Package hyperref Info: Link nesting OFF on input line 4448.
Package hyperref Info: Hyper index ON on input line 4451.
Package hyperref Info: Plain pages OFF on input line 4458.
Package hyperref Info: Backreferencing OFF on input line 4463.
Package hyperref Info: Implicit mode ON; LaTeX internals redefined.
Package hyperref Info: Bookmarks ON on input line 4688.
\c@Hy@tempcnt=\count104

(/usr/share/texlive/texmf-dist/tex/latex/url/url.sty
\Urlmuskip=\muskip11
Package: url 2013/09/16  ver 3.4  Verb mode for urls, etc.
)
LaTeX Info: Redefining \url on input line 5041.
\XeTeXLinkMargin=\dimen115
\Fld@menulength=\count105
\Field@Width=\dimen116
\Fld@charsize=\dimen117
Package hyperref Info: Hyper figures OFF on input line 6295.
Package hyperref Info: Link nesting OFF on input line 6300.
Package hyperref Info: Hyper index ON on input line 6303.
Package hyperref Info: backreferencing OFF on input line 6310.
Package hyperref Info: Link coloring OFF on input line 6315.
Package hyperref Info: Link coloring with OCG OFF on input line 6320.
Package hyperref Info: PDF/A mode OFF on input line 6325.
LaTeX Info: Redefining \ref on input line 6365.
LaTeX Info: Redefining \pageref on input line 6369.
\Hy@abspage=\count106
\c@Item=\count107
\c@Hfootnote=\count108
)

Package hyperref Message: Driver (autodetected): hpdftex.

(/usr/share/texlive/texmf-dist/tex/latex/hyperref/hpdftex.def
File: hpdftex.def 2012/11/06 v6.83m Hyperref driver for pdfTeX
\Fld@listcount=\count109
\c@bookmark@seq@number=\count110

(/usr/share/texlive/texmf-dist/tex/latex/oberdiek/rerunfilecheck.sty
Package: rerunfilecheck 2011/04/15 v1.7 Rerun checks for auxiliary files (HO)
Package uniquecounter Info: New unique counter `rerunfilecheck' on input line 2
82.
)
\Hy@SectionHShift=\skip49
)
(/usr/share/texlive/texmf-dist/tex/latex/caption/subcaption.sty
Package: subcaption 2016/02/20 v1.1-142 Sub-captions (AR)

(/usr/share/texlive/texmf-dist/tex/latex/caption/caption.sty
Package: caption 2016/02/21 v3.3-144 Customizing captions (AR)

(/usr/share/texlive/texmf-dist/tex/latex/caption/caption3.sty
Package: caption3 2016/02/04 v1.7-139 caption3 kernel (AR)
Package caption3 Info: TeX engine: e-TeX on input line 67.
\captionmargin=\dimen118
\captionmargin@=\dimen119
\captionwidth=\dimen120
\caption@tempdima=\dimen121
\caption@indent=\dimen122
\caption@parindent=\dimen123
\caption@hangindent=\dimen124
)
\c@ContinuedFloat=\count111
Package caption Info: hyperref package is loaded.
)
\c@subfigure=\count112
\c@subtable=\count113
)
\c@lemma=\count114
\c@thm=\count115
\c@cor=\count116
\c@prop=\count117
\c@conj=\count118
) (./notes.aux)
\openout1 = `notes.aux'.

LaTeX Font Info:    Checking defaults for OML/cmm/m/it on input line 28.
LaTeX Font Info:    ... okay on input line 28.
LaTeX Font Info:    Checking defaults for T1/cmr/m/n on input line 28.
LaTeX Font Info:    ... okay on input line 28.
LaTeX Font Info:    Checking defaults for OT1/cmr/m/n on input line 28.
LaTeX Font Info:    ... okay on input line 28.
LaTeX Font Info:    Checking defaults for OMS/cmsy/m/n on input line 28.
LaTeX Font Info:    ... okay on input line 28.
LaTeX Font Info:    Checking defaults for OMX/cmex/m/n on input line 28.
LaTeX Font Info:    ... okay on input line 28.
LaTeX Font Info:    Checking defaults for U/cmr/m/n on input line 28.
LaTeX Font Info:    ... okay on input line 28.
LaTeX Font Info:    Checking defaults for PD1/pdf/m/n on input line 28.
LaTeX Font Info:    ... okay on input line 28.
(/usr/share/texlive/texmf-dist/tex/context/base/supp-pdf.mkii
[Loading MPS to PDF converter (version 2006.09.02).]
\scratchcounter=\count119
\scratchdimen=\dimen125
\scratchbox=\box28
\nofMPsegments=\count120
\nofMParguments=\count121
\everyMPshowfont=\toks26
\MPscratchCnt=\count122
\MPscratchDim=\dimen126
\MPnumerator=\count123
\makeMPintoPDFobject=\count124
\everyMPtoPDFconversion=\toks27
) (/usr/share/texlive/texmf-dist/tex/latex/oberdiek/epstopdf-base.sty
Package: epstopdf-base 2010/02/09 v2.5 Base part for package epstopdf

(/usr/share/texlive/texmf-dist/tex/latex/oberdiek/grfext.sty
Package: grfext 2010/08/19 v1.1 Manage graphics extensions (HO)
)
Package grfext Info: Graphics extension search list:
(grfext)             [.png,.pdf,.jpg,.mps,.jpeg,.jbig2,.jb2,.PNG,.PDF,.JPG,.JPE
G,.JBIG2,.JB2,.eps]
(grfext)             \AppendGraphicsExtensions on input line 452.

(/usr/share/texlive/texmf-dist/tex/latex/latexconfig/epstopdf-sys.cfg
File: epstopdf-sys.cfg 2010/07/13 v1.3 Configuration of (r)epstopdf for TeX Liv
e
))
\AtBeginShipoutBox=\box29
Package hyperref Info: Link coloring OFF on input line 28.

(/usr/share/texlive/texmf-dist/tex/latex/hyperref/nameref.sty
Package: nameref 2012/10/27 v2.43 Cross-referencing by name of section

(/usr/share/texlive/texmf-dist/tex/generic/oberdiek/gettitlestring.sty
Package: gettitlestring 2010/12/03 v1.4 Cleanup title references (HO)
)
\c@section@level=\count125
)
LaTeX Info: Redefining \ref on input line 28.
LaTeX Info: Redefining \pageref on input line 28.
LaTeX Info: Redefining \nameref on input line 28.

(./notes.out) (./notes.out)
\@outlinefile=\write3
\openout3 = `notes.out'.

Package caption Info: Begin \AtBeginDocument code.
Package caption Info: End \AtBeginDocument code.

Chapter 1.
LaTeX Font Info:    Try loading font information for U+msa on input line 32.
(/usr/share/texlive/texmf-dist/tex/latex/amsfonts/umsa.fd
File: umsa.fd 2013/01/14 v3.01 AMS symbols A
)
LaTeX Font Info:    Try loading font information for U+msb on input line 32.

(/usr/share/texlive/texmf-dist/tex/latex/amsfonts/umsb.fd
File: umsb.fd 2013/01/14 v3.01 AMS symbols B
)
LaTeX Font Info:    Try loading font information for OMS+cmr on input line 40.

(/usr/share/texlive/texmf-dist/tex/latex/base/omscmr.fd
File: omscmr.fd 2014/09/29 v2.5h Standard LaTeX font definitions
)
LaTeX Font Info:    Font shape `OMS/cmr/m/n' in size <10> not available
(Font)              Font shape `OMS/cmsy/m/n' tried instead on input line 40.
 [1


{/var/lib/texmf/fonts/map/pdftex/updmap/pdftex.map}] [2]
<exp1_01.jpg, id=122, 562.1pt x 421.575pt>
File: exp1_01.jpg Graphic file (type jpg)
 <use exp1_01.jpg>
Package pdftex.def Info: exp1_01.jpg used on input line 117.
(pdftex.def)             Requested size: 172.5pt x 129.37462pt.

<exp1_02.jpg, id=123, 562.1pt x 421.575pt>
File: exp1_02.jpg Graphic file (type jpg)
 <use exp1_02.jpg>
Package pdftex.def Info: exp1_02.jpg used on input line 120.
(pdftex.def)             Requested size: 172.5pt x 129.37462pt.

Overfull \hbox (2.22221pt too wide) in paragraph at lines 116--122
[]$[]$ $[]$ 
 []

[3 <./exp1_01.jpg> <./exp1_02.jpg>] <exp2_01.jpg, id=130, 562.1pt x 421.575pt>
File: exp2_01.jpg Graphic file (type jpg)

<use exp2_01.jpg>
Package pdftex.def Info: exp2_01.jpg used on input line 154.
(pdftex.def)             Requested size: 172.5pt x 129.37462pt.
 <exp2_02.jpg, id=131, 562.1pt x 421.575pt>
File: exp2_02.jpg Graphic file (type jpg)
 <use exp2_02.jpg>
Package pdftex.def Info: exp2_02.jpg used on input line 157.
(pdftex.def)             Requested size: 172.5pt x 129.37462pt.

Overfull \hbox (2.22221pt too wide) in paragraph at lines 153--159
[]$[]$ $[]$ 
 []

<exp3_01.jpg, id=132, 562.1pt x 421.575pt>
File: exp3_01.jpg Graphic file (type jpg)
 <use exp3_01.jpg>
Package pdftex.def Info: exp3_01.jpg used on input line 184.
(pdftex.def)             Requested size: 172.5pt x 129.37462pt.

<exp3_02.jpg, id=133, 562.1pt x 421.575pt>
File: exp3_02.jpg Graphic file (type jpg)
 <use exp3_02.jpg>
Package pdftex.def Info: exp3_02.jpg used on input line 187.
(pdftex.def)             Requested size: 172.5pt x 129.37462pt.

Overfull \hbox (2.22221pt too wide) in paragraph at lines 183--189
[]$[]$ $[]$ 
 []

[4 <./exp2_01.jpg> <./exp2_02.jpg>] [5 <./exp3_01.jpg> <./exp3_02.jpg>]
[6] <FPI_01.jpg, id=156, 562.1pt x 403.5075pt>
File: FPI_01.jpg Graphic file (type jpg)
 <use FPI_01.jpg>
Package pdftex.def Info: FPI_01.jpg used on input line 317.
(pdftex.def)             Requested size: 345.0pt x 247.66pt.
 [7] [8 <./FPI_01.jpg>] <FPI_02.jpg, id=179, 572.1375pt x 451.6875pt>
File: FPI_02.jpg Graphic file (type jpg)
 <use FPI_02.jpg>
Package pdftex.def Info: FPI_02.jpg used on input line 376.
(pdftex.def)             Requested size: 172.5pt x 136.18272pt.

<FPI_03.jpg, id=180, 837.1275pt x 626.34pt>
File: FPI_03.jpg Graphic file (type jpg)
 <use FPI_03.jpg>
Package pdftex.def Info: FPI_03.jpg used on input line 381.
(pdftex.def)             Requested size: 172.5pt x 129.05997pt.

Overfull \hbox (2.22221pt too wide) in paragraph at lines 375--385
[]$[]$ $[]$ 
 []

[9 <./FPI_02.jpg> <./FPI_03.jpg>] [10

]
Chapter 2.
[11] [12] <PMexp1_01.jpg, id=203, 562.1pt x 421.575pt>
File: PMexp1_01.jpg Graphic file (type jpg)
 <use PMexp1_01.jpg>
Package pdftex.def Info: PMexp1_01.jpg used on input line 479.
(pdftex.def)             Requested size: 172.5pt x 129.37462pt.

Underfull \hbox (badness 3179) in paragraph at lines 480--480
[]\OT1/cmr/m/n/9 (a) |4th or-der con-ver-gence of pathing
 []

<PMexp2_01.jpg, id=204, 572.1375pt x 451.6875pt>
File: PMexp2_01.jpg Graphic file (type jpg)
 <use PMexp2_01.jpg>
Package pdftex.def Info: PMexp2_01.jpg used on input line 483.
(pdftex.def)             Requested size: 172.5pt x 136.18272pt.

Overfull \hbox (2.22221pt too wide) in paragraph at lines 478--486
[]$[]$ $[]$ 
 []

[13 <./PMexp1_01.jpg> <./PMexp2_01.jpg>]
Overfull \hbox (4.38823pt too wide) in paragraph at lines 529--530
[]\OT1/cmr/m/n/10 Airapetyan, CNM and its mod-i-fi-ca-tion (con-ver-gence the-o
-rems and deriva-
 []

[14] <DB01.jpg, id=233, 562.1pt x 421.575pt>
File: DB01.jpg Graphic file (type jpg)
 <use DB01.jpg>
Package pdftex.def Info: DB01.jpg used on input line 556.
(pdftex.def)             Requested size: 172.5pt x 129.37462pt.

<DB02.jpg, id=234, 562.1pt x 421.575pt>
File: DB02.jpg Graphic file (type jpg)
 <use DB02.jpg>
Package pdftex.def Info: DB02.jpg used on input line 561.
(pdftex.def)             Requested size: 172.5pt x 129.37462pt.

Overfull \hbox (2.22221pt too wide) in paragraph at lines 555--565
[]$[]$ $[]$ 
 []

[15 <./DB01.jpg> <./DB02.jpg>] [16

]
Chapter 3.
[17] <ASPN01.jpg, id=251, 562.1pt x 421.575pt>
File: ASPN01.jpg Graphic file (type jpg)
 <use ASPN01.jpg>
Package pdftex.def Info: ASPN01.jpg used on input line 626.
(pdftex.def)             Requested size: 172.5pt x 129.37462pt.

Underfull \vbox (badness 10000) has occurred while \output is active []

 [18]
[19 <./ASPN01.jpg>]
Overfull \hbox (10.80637pt too wide) detected at line 687
\OML/cmm/m/it/10 J\OT1/cmr/m/n/10 (\OML/cmm/m/it/10 u\OT1/cmr/m/n/10 ) = [] \OM
L/cmm/m/it/10 :
 []


Overfull \hbox (43.47351pt too wide) in paragraph at lines 695--695
[] 
 []


Overfull \hbox (8.84277pt too wide) detected at line 710
\OML/cmm/m/it/10 G[]\OT1/cmr/m/n/10 (\OML/cmm/m/it/10 ^^M\OT1/cmr/m/n/10 ) = \O
MS/cmsy/m/n/10 ^^@ [] [] \OML/cmm/m/it/10 J\OT1/cmr/m/n/10 (\OML/cmm/m/it/10 u[
]\OT1/cmr/m/n/10 )[]\OML/cmm/m/it/10 J\OT1/cmr/m/n/10 (\OML/cmm/m/it/10 u[]\OT1
/cmr/m/n/10 )[]\OML/cmm/m/it/10 :
 []

[20] <exp7_01.jpg, id=267, 2504.35625pt x 1366.10374pt>
File: exp7_01.jpg Graphic file (type jpg)
 <use exp7_01.jpg>
Package pdftex.def Info: exp7_01.jpg used on input line 727.
(pdftex.def)             Requested size: 345.0pt x 188.189pt.

[21] [22 <./exp7_01.jpg>] [23]
Overfull \hbox (12.1003pt too wide) detected at line 841
[]
 []

[24] [25] <exp8_01.jpg, id=298, 562.1pt x 421.575pt>
File: exp8_01.jpg Graphic file (type jpg)
 <use exp8_01.jpg>
Package pdftex.def Info: exp8_01.jpg used on input line 938.
(pdftex.def)             Requested size: 345.0pt x 258.74924pt.
 [26]
[27 <./exp8_01.jpg>] [28

]
Chapter 4.

LaTeX Warning: Reference `intro' on page 29 undefined on input line 954.


LaTeX Warning: Reference `intro' on page 29 undefined on input line 976.

[29]

LaTeX Warning: Reference `lemma:PSIM' on page 30 undefined on input line 985.


Overfull \hbox (35.72705pt too wide) detected at line 1015
[][] []
 []


Overfull \hbox (26.75832pt too wide) in paragraph at lines 1029--1029
[] 
 []


Underfull \vbox (badness 10000) has occurred while \output is active []

 [30]

LaTeX Warning: Reference `PSIM' on page 31 undefined on input line 1038.


LaTeX Warning: Reference `CGL' on page 31 undefined on input line 1039.


LaTeX Warning: Reference `PSIM' on page 31 undefined on input line 1043.


LaTeX Warning: Reference `PSIM' on page 31 undefined on input line 1049.

[31]

LaTeX Warning: Reference `PSIM' on page 32 undefined on input line 1095.


Overfull \hbox (34.33707pt too wide) in paragraph at lines 1094--1096
[]\OT1/cmr/m/n/10 Equation ([]4.10[]) re-quires that $\OMS/cmsy/m/n/10 B[]\OML/
cmm/m/it/10 R[]\OT1/cmr/m/n/10 (\OMS/cmsy/m/n/10 ^^F\OT1/cmr/m/n/10 1) = [][] \
OML/cmm/m/it/10 C[]\OMS/cmsy/m/n/10 B[]\OML/cmm/m/it/10 P[]\OT1/cmr/m/n/10 (\OM
S/cmsy/m/n/10 ^^F\OT1/cmr/m/n/10 1) + \OML/cmm/m/it/10 G[]\OT1/cmr/m/n/10 (\OMS
/cmsy/m/n/10 ^^F\OT1/cmr/m/n/10 1)\OMS/cmsy/m/n/10 B[]\OML/cmm/m/it/10 P[]\OT1/
cmr/m/n/10 (\OMS/cmsy/m/n/10 ^^F\OT1/cmr/m/n/10 1)$.
 []


Overfull \hbox (20.38596pt too wide) detected at line 1105
[][] []
 []

[32]
Overfull \hbox (50.94511pt too wide) in paragraph at lines 1111--1113
\OT1/cmr/m/n/10 We use the par-tic-u-lar set of ho-mo-ge-neous so-lu-tions, $\O
MS/cmsy/m/n/10 f\OML/cmm/m/it/10 P[]\OT1/cmr/m/n/10 (\OML/cmm/m/it/10 x\OT1/cmr
/m/n/10 ) \OMS/cmsy/m/n/10 j \OML/cmm/m/it/10 P[]\OT1/cmr/m/n/10 (\OML/cmm/m/it
/10 x\OT1/cmr/m/n/10 ) [] ([]4\OML/cmm/m/it/10 :\OT1/cmr/m/n/10 15[])\OMS/cmsy/
m/n/10 g$\OT1/cmr/m/n/10 ,
 []

[33]

LaTeX Warning: Citation `Abel' on page 34 undefined on input line 1143.


LaTeX Warning: Citation `BoyceDiPrima' on page 34 undefined on input line 1143.


[34]
Overfull \hbox (22.19566pt too wide) in paragraph at lines 1218--1223
\OT1/cmr/m/n/10 with con-stant co-ef-fi-cients $\OML/cmm/m/it/10 a[]$\OT1/cmr/m
/n/10 . By Abel's iden-tity this pro-vides that $\OML/cmm/m/it/10 W\OT1/cmr/m/n
/10 (\OMS/cmsy/m/n/10 f\OML/cmm/m/it/10 e[]\OMS/cmsy/m/n/10 g[]\OT1/cmr/m/n/10 
; \OML/cmm/m/it/10 x\OT1/cmr/m/n/10 ) =
 []


Overfull \hbox (18.92548pt too wide) in paragraph at lines 1218--1223
\OT1/cmr/m/n/10 and $\OML/cmm/m/it/10 a[] \OT1/cmr/m/n/10 = [][] \OML/cmm/m/it/
10 ^^U[]$\OT1/cmr/m/n/10 . The re-main-der fol-lows from the def-i-ni-tion of $
\OML/cmm/m/it/10 W\OT1/cmr/m/n/10 (\OMS/cmsy/m/n/10 f\OML/cmm/m/it/10 e[]\OMS/c
msy/m/n/10 g[]\OT1/cmr/m/n/10 ; 0)$. 
 []

[35] [36] [37] [38]
Overfull \hbox (37.7632pt too wide) in paragraph at lines 1407--1414
[]\OT1/cmr/bx/n/10 Theorem 4. \OT1/cmr/m/it/10 Wron-skians for con-stant co-ef-
fi-cient op-er-a-tors Let $\OMS/cmsy/m/n/10 L\OML/cmm/m/it/10 u\OT1/cmr/m/n/10 
(\OML/cmm/m/it/10 x\OT1/cmr/m/n/10 ) = [][] \OML/cmm/m/it/10 a[]u[]\OT1/cmr/m/n
/10 (\OML/cmm/m/it/10 x\OT1/cmr/m/n/10 )$\OT1/cmr/m/it/10 .
 []

[39]
Overfull \hbox (82.15782pt too wide) in paragraph at lines 1418--1418
[] 
 []


Overfull \hbox (27.66757pt too wide) in paragraph at lines 1436--1436
[] 
 []


Overfull \hbox (82.15782pt too wide) in paragraph at lines 1445--1445
[] 
 []


Underfull \vbox (badness 10000) has occurred while \output is active []

 [40]
Underfull \vbox (badness 10000) has occurred while \output is active []

 [41]
[42] (./notes.bbl [43] [44

]
Missing character: There is no â in font cmr10!
Missing character: There is no € in font cmr10!
Missing character: There is no ™ in font cmr10!
Missing character: There is no â in font cmti10!
Missing character: There is no € in font cmti10!
Missing character: There is no ™ in font cmti10!
)
Package atveryend Info: Empty hook `BeforeClearDocument' on input line 1529.
 [45]
Package atveryend Info: Empty hook `AfterLastShipout' on input line 1529.
 (./notes.aux)
Package atveryend Info: Executing hook `AtVeryEndDocument' on input line 1529.
Package atveryend Info: Executing hook `AtEndAfterFileList' on input line 1529.

Package rerunfilecheck Info: File `notes.out' has not changed.
(rerunfilecheck)             Checksum: 4F55455EC4DFAEEC6943BB8EA8A7D943;1690.


LaTeX Warning: There were undefined references.

Package atveryend Info: Empty hook `AtVeryVeryEnd' on input line 1529.
 ) 
Here is how much of TeX's memory you used:
 7460 strings out of 493029
 110192 string characters out of 6136233
 222446 words of memory out of 5000000
 10767 multiletter control sequences out of 15000+600000
 12038 words of font info for 46 fonts, out of 8000000 for 9000
 1141 hyphenation exceptions out of 8191
 49i,20n,42p,540b,492s stack positions out of 5000i,500n,10000p,200000b,80000s
</usr/share/texlive/texmf-dist/fonts/type1/public/amsfonts/cm/cmbx10.pfb></us
r/share/texlive/texmf-dist/fonts/type1/public/amsfonts/cm/cmbx12.pfb></usr/shar
e/texlive/texmf-dist/fonts/type1/public/amsfonts/cm/cmex10.pfb></usr/share/texl
ive/texmf-dist/fonts/type1/public/amsfonts/cmextra/cmex7.pfb></usr/share/texliv
e/texmf-dist/fonts/type1/public/amsfonts/cm/cmmi10.pfb></usr/share/texlive/texm
f-dist/fonts/type1/public/amsfonts/cm/cmmi5.pfb></usr/share/texlive/texmf-dist/
fonts/type1/public/amsfonts/cm/cmmi7.pfb></usr/share/texlive/texmf-dist/fonts/t
ype1/public/amsfonts/cm/cmmi9.pfb></usr/share/texlive/texmf-dist/fonts/type1/pu
blic/amsfonts/cm/cmr10.pfb></usr/share/texlive/texmf-dist/fonts/type1/public/am
sfonts/cm/cmr5.pfb></usr/share/texlive/texmf-dist/fonts/type1/public/amsfonts/c
m/cmr6.pfb></usr/share/texlive/texmf-dist/fonts/type1/public/amsfonts/cm/cmr7.p
fb></usr/share/texlive/texmf-dist/fonts/type1/public/amsfonts/cm/cmr9.pfb></usr
/share/texlive/texmf-dist/fonts/type1/public/amsfonts/cm/cmsl10.pfb></usr/share
/texlive/texmf-dist/fonts/type1/public/amsfonts/cm/cmsy10.pfb></usr/share/texli
ve/texmf-dist/fonts/type1/public/amsfonts/cm/cmsy5.pfb></usr/share/texlive/texm
f-dist/fonts/type1/public/amsfonts/cm/cmsy6.pfb></usr/share/texlive/texmf-dist/
fonts/type1/public/amsfonts/cm/cmsy7.pfb></usr/share/texlive/texmf-dist/fonts/t
ype1/public/amsfonts/cm/cmsy9.pfb></usr/share/texlive/texmf-dist/fonts/type1/pu
blic/amsfonts/cm/cmti10.pfb></usr/share/texlive/texmf-dist/fonts/type1/public/a
msfonts/cm/cmtt10.pfb></usr/share/texlive/texmf-dist/fonts/type1/public/amsfont
s/symbols/msbm10.pfb>
Output written on notes.pdf (45 pages, 959541 bytes).
PDF statistics:
 563 PDF objects out of 1000 (max. 8388607)
 472 compressed objects within 5 object streams
 137 named destinations out of 1000 (max. 500000)
 273 words of extra memory for PDF output out of 10000 (max. 10000000)

